Script started on Mon May 28 10:47:44 2018
[?1034hsh-3.2# pwd
/Users/xuweikang/yancheng_project/fuck_patent/muti_process_super
sh-3.2# python muti_procee_threads.py [C[C[C[C[C[C[C[C[Cwd[K[K[K[Kpuy[K[Kython init_CookiesProxy 
Traceback (most recent call last):
  File "/Users/xuweikang/anaconda3/lib/python3.6/site-packages/redis/connection.py", line 484, in connect
    sock = self._connect()
  File "/Users/xuweikang/anaconda3/lib/python3.6/site-packages/redis/connection.py", line 541, in _connect
    raise err
  File "/Users/xuweikang/anaconda3/lib/python3.6/site-packages/redis/connection.py", line 529, in _connect
    sock.connect(socket_address)
ConnectionRefusedError: [Errno 61] Connection refused

During handling of the above exception, another exception occurred:

Traceback (most recent call last):
  File "/Users/xuweikang/anaconda3/lib/python3.6/site-packages/redis/client.py", line 667, in execute_command
    connection.send_command(*args)
  File "/Users/xuweikang/anaconda3/lib/python3.6/site-packages/redis/connection.py", line 610, in send_command
    self.send_packed_command(self.pack_command(*args))
  File "/Users/xuweikang/anaconda3/lib/python3.6/site-packages/redis/connection.py", line 585, in send_packed_command
    self.connect()
  File "/Users/xuweikang/anaconda3/lib/python3.6/site-packages/redis/connection.py", line 489, in connect
    raise ConnectionError(self._error_message(e))
redis.exceptions.ConnectionError: Error 61 connecting to localhost:6379. Connection refused.

During handling of the above exception, another exception occurred:

Traceback (most recent call last):
  File "/Users/xuweikang/anaconda3/lib/python3.6/site-packages/redis/connection.py", line 484, in connect
    sock = self._connect()
  File "/Users/xuweikang/anaconda3/lib/python3.6/site-packages/redis/connection.py", line 541, in _connect
    raise err
  File "/Users/xuweikang/anaconda3/lib/python3.6/site-packages/redis/connection.py", line 529, in _connect
    sock.connect(socket_address)
ConnectionRefusedError: [Errno 61] Connection refused

During handling of the above exception, another exception occurred:

Traceback (most recent call last):
  File "init_CookiesProxy", line 39, in <module>
    proxys_len = r.llen('proxys')
  File "/Users/xuweikang/anaconda3/lib/python3.6/site-packages/redis/client.py", line 1325, in llen
    return self.execute_command('LLEN', name)
  File "/Users/xuweikang/anaconda3/lib/python3.6/site-packages/redis/client.py", line 673, in execute_command
    connection.send_command(*args)
  File "/Users/xuweikang/anaconda3/lib/python3.6/site-packages/redis/connection.py", line 610, in send_command
    self.send_packed_command(self.pack_command(*args))
  File "/Users/xuweikang/anaconda3/lib/python3.6/site-packages/redis/connection.py", line 585, in send_packed_command
    self.connect()
  File "/Users/xuweikang/anaconda3/lib/python3.6/site-packages/redis/connection.py", line 489, in connect
    raise ConnectionError(self._error_message(e))
redis.exceptions.ConnectionError: Error 61 connecting to localhost:6379. Connection refused.
sh-3.2# python init_CookiesProxy 
可用ip的数量为 3
可用ip的数量为 3
可用ip的数量为 3
可用ip的数量为 0
121.239.51.162:57452
117.68.192.162:56653
182.138.217.72:56274
49.76.204.170:60986
可用ip的数量为 2
60.168.80.52:19531
可用ip的数量为 3
可用ip的数量为 3
可用ip的数量为 3
可用ip的数量为 3
可用ip的数量为 3
可用ip的数量为 3
可用ip的数量为 3
可用ip的数量为 3
可用ip的数量为 3
可用ip的数量为 3
可用ip的数量为 3
可用ip的数量为 3
可用ip的数量为 3
可用ip的数量为 3
可用ip的数量为 3
可用ip的数量为 3
可用ip的数量为 3
可用ip的数量为 3
可用ip的数量为 3
可用ip的数量为 3
可用ip的数量为 3
可用ip的数量为 3
可用ip的数量为 3
可用ip的数量为 3
可用ip的数量为 3
可用ip的数量为 3
可用ip的数量为 3
可用ip的数量为 3
可用ip的数量为 3
可用ip的数量为 3
可用ip的数量为 3
可用ip的数量为 3
可用ip的数量为 3
可用ip的数量为 3
可用ip的数量为 3
可用ip的数量为 3
可用ip的数量为 3
可用ip的数量为 3
可用ip的数量为 3
可用ip的数量为 3
可用ip的数量为 3
可用ip的数量为 3
可用ip的数量为 3
可用ip的数量为 3
可用ip的数量为 3
可用ip的数量为 3
可用ip的数量为 3
可用ip的数量为 3
可用ip的数量为 3
可用ip的数量为 2
222.85.5.129:14593
可用ip的数量为 3
可用ip的数量为 1
182.86.189.141:33388
114.230.121.209:43648
可用ip的数量为 1
182.86.189.86:44382
182.86.189.86:44382
可用ip的数量为 2
49.76.125.215:47844
可用ip的数量为 3
可用ip的数量为 3
可用ip的数量为 3
可用ip的数量为 3
可用ip的数量为 3
可用ip的数量为 3
可用ip的数量为 3
可用ip的数量为 3
可用ip的数量为 3
可用ip的数量为 3
可用ip的数量为 3
可用ip的数量为 3
可用ip的数量为 3
可用ip的数量为 3
可用ip的数量为 3
可用ip的数量为 3
可用ip的数量为 3
可用ip的数量为 3
可用ip的数量为 3
可用ip的数量为 3
可用ip的数量为 3
可用ip的数量为 2
123.163.21.16:19520
可用ip的数量为 3
可用ip的数量为 3
可用ip的数量为 3
可用ip的数量为 3
可用ip的数量为 3
可用ip的数量为 1
60.167.119.33:19229
59.63.52.4:55568
可用ip的数量为 3
可用ip的数量为 3
可用ip的数量为 3
可用ip的数量为 3
可用ip的数量为 3
可用ip的数量为 3
可用ip的数量为 2
123.163.21.16:19520
可用ip的数量为 3
可用ip的数量为 3
可用ip的数量为 3
可用ip的数量为 3
可用ip的数量为 3
可用ip的数量为 3
可用ip的数量为 2
171.113.158.182:11790
可用ip的数量为 3
可用ip的数量为 3
可用ip的数量为 3
可用ip的数量为 3
可用ip的数量为 3
可用ip的数量为 3
可用ip的数量为 3
可用ip的数量为 3
可用ip的数量为 3
可用ip的数量为 3
可用ip的数量为 3
可用ip的数量为 3
可用ip的数量为 3
可用ip的数量为 3
可用ip的数量为 3
可用ip的数量为 3
可用ip的数量为 3
可用ip的数量为 3
可用ip的数量为 3
可用ip的数量为 3
可用ip的数量为 3
可用ip的数量为 3
可用ip的数量为 3
可用ip的数量为 3
可用ip的数量为 3
可用ip的数量为 3
可用ip的数量为 3
可用ip的数量为 3
可用ip的数量为 3
可用ip的数量为 3
可用ip的数量为 3
可用ip的数量为 3
可用ip的数量为 3
可用ip的数量为 3
可用ip的数量为 3
可用ip的数量为 3
可用ip的数量为 3
可用ip的数量为 3
可用ip的数量为 2
222.94.150.163:30392
可用ip的数量为 2
117.57.90.215:31299
可用ip的数量为 1
182.84.94.225:17599
114.97.185.224:40519
可用ip的数量为 3
可用ip的数量为 3
可用ip的数量为 3
可用ip的数量为 3
可用ip的数量为 3
可用ip的数量为 2
114.99.26.23:21808
可用ip的数量为 2
182.39.11.86:41547
可用ip的数量为 3
可用ip的数量为 3
可用ip的数量为 3
可用ip的数量为 3
可用ip的数量为 3
可用ip的数量为 3
可用ip的数量为 3
可用ip的数量为 3
可用ip的数量为 3
可用ip的数量为 3
可用ip的数量为 3
可用ip的数量为 3
可用ip的数量为 3
可用ip的数量为 3
可用ip的数量为 3
可用ip的数量为 3
可用ip的数量为 3
可用ip的数量为 3
可用ip的数量为 3
可用ip的数量为 2
114.97.185.224:40519
可用ip的数量为 3
可用ip的数量为 3
可用ip的数量为 3
可用ip的数量为 3
可用ip的数量为 3
可用ip的数量为 3
可用ip的数量为 3
可用ip的数量为 3
可用ip的数量为 3
可用ip的数量为 3
可用ip的数量为 3
可用ip的数量为 3
可用ip的数量为 3
可用ip的数量为 3
可用ip的数量为 3
可用ip的数量为 3
可用ip的数量为 3
可用ip的数量为 3
可用ip的数量为 3
可用ip的数量为 3
可用ip的数量为 2
182.138.217.209:32517
可用ip的数量为 2
114.222.129.86:64721
可用ip的数量为 2
58.19.14.29:43019
可用ip的数量为 2
182.138.217.209:32517
可用ip的数量为 3
可用ip的数量为 2
106.110.198.222:58114
可用ip的数量为 3
可用ip的数量为 3
可用ip的数量为 3
可用ip的数量为 3
可用ip的数量为 3
可用ip的数量为 3
可用ip的数量为 3
可用ip的数量为 3
可用ip的数量为 3
可用ip的数量为 3
可用ip的数量为 3
可用ip的数量为 3
可用ip的数量为 3
可用ip的数量为 3
可用ip的数量为 3
可用ip的数量为 3
可用ip的数量为 2
117.68.193.104:41516
113.128.8.83:21536
221.232.234.91:61625
60.169.114.235:36534
可用ip的数量为 3
可用ip的数量为 3
可用ip的数量为 3
可用ip的数量为 2
182.84.94.26:39240
可用ip的数量为 2
42.57.84.3:40680
可用ip的数量为 2
117.64.236.195:51737
可用ip的数量为 2
42.57.86.220:52427
可用ip的数量为 3
可用ip的数量为 3
可用ip的数量为 3
可用ip的数量为 3
可用ip的数量为 3
可用ip的数量为 3
可用ip的数量为 3
可用ip的数量为 3
可用ip的数量为 3
可用ip的数量为 3
可用ip的数量为 3
可用ip的数量为 3
可用ip的数量为 2
114.99.30.229:35513
可用ip的数量为 2
121.237.138.97:54033
可用ip的数量为 2
60.169.95.45:53517
可用ip的数量为 3
可用ip的数量为 3
可用ip的数量为 3
可用ip的数量为 3
可用ip的数量为 2
1.195.123.6:46548
可用ip的数量为 2
49.76.204.107:13319
可用ip的数量为 3
可用ip的数量为 3
可用ip的数量为 3
可用ip的数量为 3
可用ip的数量为 3
可用ip的数量为 3
可用ip的数量为 3
可用ip的数量为 3
可用ip的数量为 3
可用ip的数量为 3
可用ip的数量为 3
可用ip的数量为 3
可用ip的数量为 3
可用ip的数量为 3
可用ip的数量为 3
可用ip的数量为 3
可用ip的数量为 3
可用ip的数量为 2
1.195.123.6:46548
可用ip的数量为 2
117.24.35.249:37303
可用ip的数量为 3
可用ip的数量为 3
可用ip的数量为 3
可用ip的数量为 3
可用ip的数量为 3
可用ip的数量为 3
可用ip的数量为 3
可用ip的数量为 3
可用ip的数量为 3
可用ip的数量为 3
可用ip的数量为 3
可用ip的数量为 3
可用ip的数量为 3
可用ip的数量为 3
可用ip的数量为 3
可用ip的数量为 0
42.87.234.173:50007
182.86.190.108:21495
182.120.198.122:21449
117.64.236.91:25973
可用ip的数量为 3
可用ip的数量为 3
可用ip的数量为 3
可用ip的数量为 3
可用ip的数量为 3
可用ip的数量为 3
可用ip的数量为 3
可用ip的数量为 3
可用ip的数量为 3
可用ip的数量为 3
可用ip的数量为 3
可用ip的数量为 3
可用ip的数量为 3
可用ip的数量为 3
可用ip的数量为 3
可用ip的数量为 3
可用ip的数量为 3
可用ip的数量为 3
可用ip的数量为 3
可用ip的数量为 2
114.100.177.11:37897
可用ip的数量为 3
可用ip的数量为 2
182.86.190.217:25363
可用ip的数量为 3
可用ip的数量为 3
可用ip的数量为 3
可用ip的数量为 3
可用ip的数量为 3
可用ip的数量为 3
可用ip的数量为 3
可用ip的数量为 3
可用ip的数量为 3
可用ip的数量为 3
可用ip的数量为 3
可用ip的数量为 3
可用ip的数量为 3
可用ip的数量为 3
可用ip的数量为 3
可用ip的数量为 2
114.99.30.194:53893
可用ip的数量为 2
182.138.140.182:60454
可用ip的数量为 3
可用ip的数量为 3
可用ip的数量为 3
可用ip的数量为 3
可用ip的数量为 3
可用ip的数量为 3
可用ip的数量为 3
可用ip的数量为 3
可用ip的数量为 3
可用ip的数量为 3
可用ip的数量为 3
可用ip的数量为 3
可用ip的数量为 1
114.99.26.215:18787
219.128.35.98:53518
可用ip的数量为 2
114.99.30.142:15097
可用ip的数量为 2
182.39.4.234:57217
可用ip的数量为 2
42.57.122.238:52399
可用ip的数量为 3
可用ip的数量为 3
可用ip的数量为 3
可用ip的数量为 3
可用ip的数量为 3
可用ip的数量为 3
可用ip的数量为 3
可用ip的数量为 3
可用ip的数量为 2
60.169.94.55:41458
可用ip的数量为 3
可用ip的数量为 3
可用ip的数量为 3
可用ip的数量为 3
可用ip的数量为 3
可用ip的数量为 3
可用ip的数量为 3
可用ip的数量为 3
可用ip的数量为 3
可用ip的数量为 3
可用ip的数量为 3
可用ip的数量为 3
可用ip的数量为 3
可用ip的数量为 3
可用ip的数量为 3
可用ip的数量为 3
可用ip的数量为 3
可用ip的数量为 3
可用ip的数量为 3
可用ip的数量为 3
可用ip的数量为 3
可用ip的数量为 3
可用ip的数量为 3
可用ip的数量为 3
可用ip的数量为 3
可用ip的数量为 3
可用ip的数量为 3
可用ip的数量为 3
可用ip的数量为 3
可用ip的数量为 3
可用ip的数量为 3
可用ip的数量为 3
可用ip的数量为 3
可用ip的数量为 3
可用ip的数量为 3
可用ip的数量为 3
可用ip的数量为 3
可用ip的数量为 3
可用ip的数量为 3
可用ip的数量为 3
可用ip的数量为 3
可用ip的数量为 3
可用ip的数量为 3
可用ip的数量为 3
可用ip的数量为 3
可用ip的数量为 3
可用ip的数量为 3
可用ip的数量为 3
可用ip的数量为 3
可用ip的数量为 3
可用ip的数量为 3
可用ip的数量为 3
可用ip的数量为 3
可用ip的数量为 3
可用ip的数量为 3
可用ip的数量为 3
可用ip的数量为 3
可用ip的数量为 3
可用ip的数量为 3
可用ip的数量为 3
可用ip的数量为 3
可用ip的数量为 3
可用ip的数量为 3
可用ip的数量为 3
可用ip的数量为 3
可用ip的数量为 3
可用ip的数量为 3
可用ip的数量为 3
可用ip的数量为 3
可用ip的数量为 3
可用ip的数量为 3
可用ip的数量为 3
可用ip的数量为 3
可用ip的数量为 3
可用ip的数量为 3
可用ip的数量为 3
可用ip的数量为 3
可用ip的数量为 3
可用ip的数量为 3
可用ip的数量为 3
可用ip的数量为 3
可用ip的数量为 3
可用ip的数量为 3
可用ip的数量为 3
可用ip的数量为 3
可用ip的数量为 3
可用ip的数量为 3
可用ip的数量为 3
可用ip的数量为 3
可用ip的数量为 3
可用ip的数量为 3
可用ip的数量为 3
可用ip的数量为 3
可用ip的数量为 3
可用ip的数量为 3
可用ip的数量为 3
可用ip的数量为 3
可用ip的数量为 3
可用ip的数量为 3
可用ip的数量为 3
可用ip的数量为 3
可用ip的数量为 3
可用ip的数量为 3
可用ip的数量为 3
可用ip的数量为 3
可用ip的数量为 3
可用ip的数量为 1
106.46.5.109:24686
182.39.1.20:60227
可用ip的数量为 2
222.85.22.249:58556
可用ip的数量为 2
222.85.22.249:58556
可用ip的数量为 3
可用ip的数量为 3
可用ip的数量为 3
可用ip的数量为 3
可用ip的数量为 3
可用ip的数量为 3
可用ip的数量为 3
可用ip的数量为 3
可用ip的数量为 3
可用ip的数量为 3
可用ip的数量为 3
可用ip的数量为 3
可用ip的数量为 3
可用ip的数量为 3
可用ip的数量为 3
可用ip的数量为 3
可用ip的数量为 3
可用ip的数量为 3
可用ip的数量为 3
可用ip的数量为 3
可用ip的数量为 3
可用ip的数量为 2
114.99.30.24:51911
可用ip的数量为 3
可用ip的数量为 3
可用ip的数量为 3
可用ip的数量为 3
可用ip的数量为 3
可用ip的数量为 3
可用ip的数量为 3
可用ip的数量为 3
可用ip的数量为 3
可用ip的数量为 3
可用ip的数量为 3
可用ip的数量为 3
可用ip的数量为 3
可用ip的数量为 3
可用ip的数量为 3
可用ip的数量为 2
180.115.68.11:16648
可用ip的数量为 2
121.237.139.202:47695
可用ip的数量为 3
可用ip的数量为 2
222.191.179.9:13577
可用ip的数量为 2
182.84.94.20:31062
可用ip的数量为 3
可用ip的数量为 3
可用ip的数量为 3
可用ip的数量为 3
可用ip的数量为 3
可用ip的数量为 3
可用ip的数量为 3
可用ip的数量为 2
120.37.174.122:62063
可用ip的数量为 2
120.37.174.122:62063
可用ip的数量为 3
可用ip的数量为 3
可用ip的数量为 3
可用ip的数量为 3
可用ip的数量为 3
可用ip的数量为 3
可用ip的数量为 3
可用ip的数量为 3
可用ip的数量为 3
可用ip的数量为 3
可用ip的数量为 3
可用ip的数量为 3
可用ip的数量为 3
可用ip的数量为 3
可用ip的数量为 3
可用ip的数量为 3
可用ip的数量为 3
可用ip的数量为 3
可用ip的数量为 3
可用ip的数量为 3
可用ip的数量为 3
可用ip的数量为 3
可用ip的数量为 3
可用ip的数量为 3
可用ip的数量为 3
可用ip的数量为 3
可用ip的数量为 3
可用ip的数量为 3
可用ip的数量为 3
可用ip的数量为 3
可用ip的数量为 3
可用ip的数量为 3
可用ip的数量为 3
可用ip的数量为 3
可用ip的数量为 3
可用ip的数量为 3
可用ip的数量为 3
可用ip的数量为 3
可用ip的数量为 3
可用ip的数量为 3
可用ip的数量为 3
可用ip的数量为 3
可用ip的数量为 3
可用ip的数量为 1
58.19.83.12:51509
117.64.224.177:27961
可用ip的数量为 3
可用ip的数量为 3
可用ip的数量为 3
可用ip的数量为 3
可用ip的数量为 3
可用ip的数量为 3
可用ip的数量为 3
可用ip的数量为 3
可用ip的数量为 3
可用ip的数量为 3
可用ip的数量为 3
可用ip的数量为 3
可用ip的数量为 3
可用ip的数量为 3
可用ip的数量为 3
可用ip的数量为 3
可用ip的数量为 3
可用ip的数量为 2
117.81.39.60:45021
可用ip的数量为 2
220.162.76.159:12433
可用ip的数量为 3
可用ip的数量为 3
可用ip的数量为 3
可用ip的数量为 3
可用ip的数量为 3
可用ip的数量为 3
可用ip的数量为 3
可用ip的数量为 3
可用ip的数量为 3
可用ip的数量为 3
可用ip的数量为 3
可用ip的数量为 3
可用ip的数量为 3
可用ip的数量为 3
可用ip的数量为 3
可用ip的数量为 3
可用ip的数量为 3
可用ip的数量为 3
可用ip的数量为 3
可用ip的数量为 3
可用ip的数量为 3
可用ip的数量为 3
可用ip的数量为 3
可用ip的数量为 3
可用ip的数量为 3
可用ip的数量为 3
可用ip的数量为 3
可用ip的数量为 3
可用ip的数量为 3
可用ip的数量为 2
122.246.52.23:57209
可用ip的数量为 3
可用ip的数量为 2
114.230.217.80:28644
可用ip的数量为 3
可用ip的数量为 2
220.162.76.159:12433
可用ip的数量为 3
可用ip的数量为 3
可用ip的数量为 2
60.167.160.18:52448
可用ip的数量为 2
117.64.225.166:21988
可用ip的数量为 2
114.99.25.17:47770
可用ip的数量为 2
114.99.30.108:12298
可用ip的数量为 3
可用ip的数量为 3
可用ip的数量为 3
可用ip的数量为 3
可用ip的数量为 3
可用ip的数量为 3
可用ip的数量为 3
可用ip的数量为 3
可用ip的数量为 3
可用ip的数量为 2
114.230.125.71:53998
可用ip的数量为 3
可用ip的数量为 3
可用ip的数量为 3
可用ip的数量为 3
可用ip的数量为 3
可用ip的数量为 3
可用ip的数量为 3
可用ip的数量为 3
可用ip的数量为 3
可用ip的数量为 3
可用ip的数量为 3
可用ip的数量为 3
可用ip的数量为 3
可用ip的数量为 3
可用ip的数量为 3
可用ip的数量为 3
可用ip的数量为 3
可用ip的数量为 3
可用ip的数量为 3
可用ip的数量为 3
可用ip的数量为 3
可用ip的数量为 2
182.86.189.225:42260
可用ip的数量为 3
可用ip的数量为 3
可用ip的数量为 3
可用ip的数量为 3
可用ip的数量为 3
可用ip的数量为 3
可用ip的数量为 3
可用ip的数量为 3
可用ip的数量为 2
117.64.235.153:60192
可用ip的数量为 1
117.64.225.112:57491
117.85.58.118:52261
可用ip的数量为 3
可用ip的数量为 3
可用ip的数量为 3
可用ip的数量为 3
可用ip的数量为 3
可用ip的数量为 3
可用ip的数量为 3
可用ip的数量为 2
122.246.48.150:47394
可用ip的数量为 3
可用ip的数量为 2
42.59.121.93:50817
可用ip的数量为 3
可用ip的数量为 3
可用ip的数量为 3
可用ip的数量为 2
113.128.30.26:52268
可用ip的数量为 3
可用ip的数量为 3
可用ip的数量为 3
可用ip的数量为 3
可用ip的数量为 3
可用ip的数量为 3
可用ip的数量为 3
可用ip的数量为 3
可用ip的数量为 3
可用ip的数量为 3
可用ip的数量为 3
可用ip的数量为 3
可用ip的数量为 3
可用ip的数量为 3
可用ip的数量为 3
可用ip的数量为 3
可用ip的数量为 3
可用ip的数量为 3
可用ip的数量为 3
可用ip的数量为 3
可用ip的数量为 3
可用ip的数量为 3
可用ip的数量为 3
可用ip的数量为 3
可用ip的数量为 3
可用ip的数量为 3
可用ip的数量为 3
可用ip的数量为 3
可用ip的数量为 2
58.19.81.192:11987
可用ip的数量为 3
可用ip的数量为 3
可用ip的数量为 3
可用ip的数量为 3
可用ip的数量为 3
可用ip的数量为 3
可用ip的数量为 3
可用ip的数量为 3
可用ip的数量为 3
可用ip的数量为 3
可用ip的数量为 3
可用ip的数量为 1
121.227.25.213:48371
114.99.29.3:50008
可用ip的数量为 3
可用ip的数量为 3
可用ip的数量为 2
113.121.181.201:23006
可用ip的数量为 3
可用ip的数量为 3
可用ip的数量为 3
可用ip的数量为 3
可用ip的数量为 3
可用ip的数量为 3
可用ip的数量为 3
可用ip的数量为 3
可用ip的数量为 3
可用ip的数量为 3
可用ip的数量为 3
可用ip的数量为 3
可用ip的数量为 3
可用ip的数量为 3
可用ip的数量为 3
可用ip的数量为 3
可用ip的数量为 3
可用ip的数量为 3
可用ip的数量为 3
可用ip的数量为 3
可用ip的数量为 3
可用ip的数量为 3
可用ip的数量为 3
可用ip的数量为 3
可用ip的数量为 3
可用ip的数量为 2
117.24.22.74:18886
可用ip的数量为 3
可用ip的数量为 3
可用ip的数量为 3
可用ip的数量为 2
182.86.191.253:59655
可用ip的数量为 3
可用ip的数量为 2
171.88.33.78:11981
可用ip的数量为 3
可用ip的数量为 3
可用ip的数量为 3
可用ip的数量为 3
可用ip的数量为 3
可用ip的数量为 3
可用ip的数量为 3
可用ip的数量为 3
可用ip的数量为 3
可用ip的数量为 3
可用ip的数量为 3
可用ip的数量为 3
可用ip的数量为 3
可用ip的数量为 3
可用ip的数量为 3
可用ip的数量为 3
可用ip的数量为 2
140.250.165.251:51148
可用ip的数量为 3
可用ip的数量为 3
可用ip的数量为 2
121.205.10.159:50092
可用ip的数量为 3
可用ip的数量为 3
可用ip的数量为 3
可用ip的数量为 3
可用ip的数量为 3
可用ip的数量为 3
可用ip的数量为 3
可用ip的数量为 3
可用ip的数量为 3
可用ip的数量为 3
可用ip的数量为 1
114.227.183.125:39811
125.119.46.195:50009
可用ip的数量为 3
可用ip的数量为 3
可用ip的数量为 2
115.219.109.98:58399
可用ip的数量为 2
182.126.57.6:39012
可用ip的数量为 3
可用ip的数量为 3
可用ip的数量为 3
可用ip的数量为 3
可用ip的数量为 3
可用ip的数量为 3
可用ip的数量为 3
可用ip的数量为 3
可用ip的数量为 3
可用ip的数量为 3
可用ip的数量为 3
可用ip的数量为 3
可用ip的数量为 3
可用ip的数量为 3
可用ip的数量为 3
可用ip的数量为 3
可用ip的数量为 3
可用ip的数量为 3
可用ip的数量为 3
可用ip的数量为 3
可用ip的数量为 3
可用ip的数量为 3
可用ip的数量为 3
可用ip的数量为 3
可用ip的数量为 3
可用ip的数量为 3
可用ip的数量为 3
可用ip的数量为 3
可用ip的数量为 3
可用ip的数量为 3
可用ip的数量为 3
可用ip的数量为 3
可用ip的数量为 3
可用ip的数量为 3
可用ip的数量为 3
可用ip的数量为 3
可用ip的数量为 3
可用ip的数量为 3
可用ip的数量为 3
可用ip的数量为 3
可用ip的数量为 3
可用ip的数量为 3
可用ip的数量为 3
可用ip的数量为 3
可用ip的数量为 3
可用ip的数量为 3
可用ip的数量为 3
可用ip的数量为 3
可用ip的数量为 3
可用ip的数量为 3
可用ip的数量为 3
可用ip的数量为 3
可用ip的数量为 3
可用ip的数量为 3
可用ip的数量为 3
可用ip的数量为 3
可用ip的数量为 3
可用ip的数量为 3
可用ip的数量为 3
可用ip的数量为 3
可用ip的数量为 3
可用ip的数量为 3
可用ip的数量为 3
可用ip的数量为 3
可用ip的数量为 3
可用ip的数量为 3
可用ip的数量为 3
可用ip的数量为 3
可用ip的数量为 3
可用ip的数量为 3
可用ip的数量为 3
可用ip的数量为 3
可用ip的数量为 3
可用ip的数量为 3
可用ip的数量为 3
可用ip的数量为 3
可用ip的数量为 3
可用ip的数量为 3
可用ip的数量为 3
可用ip的数量为 3
可用ip的数量为 3
可用ip的数量为 3
可用ip的数量为 3
可用ip的数量为 3
可用ip的数量为 3
可用ip的数量为 3
可用ip的数量为 3
可用ip的数量为 3
可用ip的数量为 3
可用ip的数量为 3
可用ip的数量为 3
可用ip的数量为 3
可用ip的数量为 3
可用ip的数量为 3
可用ip的数量为 3
可用ip的数量为 3
可用ip的数量为 3
可用ip的数量为 3
可用ip的数量为 3
可用ip的数量为 3
可用ip的数量为 3
可用ip的数量为 3
可用ip的数量为 3
可用ip的数量为 3
可用ip的数量为 3
可用ip的数量为 3
可用ip的数量为 3
可用ip的数量为 3
可用ip的数量为 3
可用ip的数量为 3
可用ip的数量为 3
可用ip的数量为 3
可用ip的数量为 3
可用ip的数量为 3
可用ip的数量为 3
可用ip的数量为 3
可用ip的数量为 3
可用ip的数量为 3
可用ip的数量为 3
可用ip的数量为 3
可用ip的数量为 3
可用ip的数量为 3
可用ip的数量为 3
可用ip的数量为 3
可用ip的数量为 3
可用ip的数量为 3
可用ip的数量为 3
可用ip的数量为 3
可用ip的数量为 3
可用ip的数量为 3
可用ip的数量为 3
可用ip的数量为 3
可用ip的数量为 3
可用ip的数量为 3
可用ip的数量为 3
可用ip的数量为 3
可用ip的数量为 3
可用ip的数量为 3
可用ip的数量为 3
可用ip的数量为 3
可用ip的数量为 3
可用ip的数量为 3
可用ip的数量为 3
可用ip的数量为 3
可用ip的数量为 3
可用ip的数量为 3
可用ip的数量为 3
可用ip的数量为 3
可用ip的数量为 3
可用ip的数量为 3
可用ip的数量为 3
可用ip的数量为 3
可用ip的数量为 3
可用ip的数量为 3
可用ip的数量为 3
可用ip的数量为 3
可用ip的数量为 3
可用ip的数量为 3
可用ip的数量为 3
可用ip的数量为 3
可用ip的数量为 3
可用ip的数量为 3
可用ip的数量为 3
可用ip的数量为 3
可用ip的数量为 3
可用ip的数量为 3
可用ip的数量为 3
可用ip的数量为 3
可用ip的数量为 3
可用ip的数量为 3
可用ip的数量为 3
可用ip的数量为 3
可用ip的数量为 3
可用ip的数量为 3
可用ip的数量为 3
可用ip的数量为 3
可用ip的数量为 3
可用ip的数量为 3
可用ip的数量为 3
可用ip的数量为 3
可用ip的数量为 3
可用ip的数量为 3
可用ip的数量为 3
可用ip的数量为 3
可用ip的数量为 3
可用ip的数量为 3
可用ip的数量为 3
可用ip的数量为 3
可用ip的数量为 3
可用ip的数量为 3
可用ip的数量为 3
可用ip的数量为 3
可用ip的数量为 3
可用ip的数量为 3
可用ip的数量为 3
可用ip的数量为 3
可用ip的数量为 3
可用ip的数量为 3
可用ip的数量为 3
可用ip的数量为 3
可用ip的数量为 3
可用ip的数量为 3
可用ip的数量为 3
可用ip的数量为 3
可用ip的数量为 3
可用ip的数量为 3
可用ip的数量为 3
可用ip的数量为 3
可用ip的数量为 3
可用ip的数量为 3
可用ip的数量为 3
可用ip的数量为 3
可用ip的数量为 3
可用ip的数量为 3
可用ip的数量为 3
可用ip的数量为 3
可用ip的数量为 3
可用ip的数量为 3
可用ip的数量为 3
可用ip的数量为 3
可用ip的数量为 3
可用ip的数量为 3
可用ip的数量为 3
可用ip的数量为 3
可用ip的数量为 3
可用ip的数量为 3
可用ip的数量为 3
可用ip的数量为 3
可用ip的数量为 3
可用ip的数量为 3
可用ip的数量为 3
可用ip的数量为 3
可用ip的数量为 3
可用ip的数量为 3
可用ip的数量为 3
可用ip的数量为 3
可用ip的数量为 3
可用ip的数量为 3
可用ip的数量为 3
可用ip的数量为 3
可用ip的数量为 3
可用ip的数量为 3
可用ip的数量为 3
可用ip的数量为 3
可用ip的数量为 3
可用ip的数量为 3
可用ip的数量为 3
可用ip的数量为 3
可用ip的数量为 3
可用ip的数量为 3
可用ip的数量为 3
可用ip的数量为 3
可用ip的数量为 3
可用ip的数量为 3
可用ip的数量为 3
可用ip的数量为 3
可用ip的数量为 3
可用ip的数量为 3
可用ip的数量为 3
可用ip的数量为 3
可用ip的数量为 3
可用ip的数量为 3
可用ip的数量为 3
可用ip的数量为 3
可用ip的数量为 3
可用ip的数量为 3
可用ip的数量为 3
可用ip的数量为 3
可用ip的数量为 3
可用ip的数量为 3
可用ip的数量为 3
可用ip的数量为 3
可用ip的数量为 3
可用ip的数量为 3
可用ip的数量为 3
可用ip的数量为 3
可用ip的数量为 3
可用ip的数量为 3
可用ip的数量为 3
可用ip的数量为 3
可用ip的数量为 3
可用ip的数量为 3
可用ip的数量为 3
可用ip的数量为 3
可用ip的数量为 3
可用ip的数量为 3
可用ip的数量为 3
可用ip的数量为 3
可用ip的数量为 3
可用ip的数量为 3
可用ip的数量为 3
可用ip的数量为 3
可用ip的数量为 3
可用ip的数量为 3
可用ip的数量为 3
可用ip的数量为 3
可用ip的数量为 3
可用ip的数量为 3
可用ip的数量为 3
可用ip的数量为 3
可用ip的数量为 3
可用ip的数量为 3
可用ip的数量为 3
可用ip的数量为 3
可用ip的数量为 3
可用ip的数量为 3
可用ip的数量为 3
可用ip的数量为 3
可用ip的数量为 3
可用ip的数量为 3
可用ip的数量为 3
可用ip的数量为 3
可用ip的数量为 3
可用ip的数量为 3
可用ip的数量为 3
可用ip的数量为 3
可用ip的数量为 3
可用ip的数量为 3
可用ip的数量为 3
可用ip的数量为 3
可用ip的数量为 3
可用ip的数量为 3
可用ip的数量为 3
可用ip的数量为 3
可用ip的数量为 3
可用ip的数量为 3
可用ip的数量为 3
可用ip的数量为 3
可用ip的数量为 3
可用ip的数量为 3
可用ip的数量为 3
可用ip的数量为 3
可用ip的数量为 3
可用ip的数量为 3
可用ip的数量为 3
可用ip的数量为 3
可用ip的数量为 3
可用ip的数量为 3
可用ip的数量为 3
可用ip的数量为 3
可用ip的数量为 3
可用ip的数量为 3
可用ip的数量为 3
可用ip的数量为 3
可用ip的数量为 3
可用ip的数量为 3
可用ip的数量为 3
可用ip的数量为 3
可用ip的数量为 3
可用ip的数量为 3
可用ip的数量为 3
可用ip的数量为 3
可用ip的数量为 3
可用ip的数量为 3
可用ip的数量为 3
可用ip的数量为 3
可用ip的数量为 3
可用ip的数量为 3
可用ip的数量为 3
可用ip的数量为 3
可用ip的数量为 3
可用ip的数量为 3
可用ip的数量为 3
可用ip的数量为 3
可用ip的数量为 3
可用ip的数量为 3
可用ip的数量为 3
可用ip的数量为 3
可用ip的数量为 3
可用ip的数量为 3
可用ip的数量为 3
可用ip的数量为 3
可用ip的数量为 3
可用ip的数量为 3
可用ip的数量为 3
可用ip的数量为 3
可用ip的数量为 3
可用ip的数量为 3
可用ip的数量为 3
可用ip的数量为 3
可用ip的数量为 3
可用ip的数量为 3
可用ip的数量为 3
可用ip的数量为 3
可用ip的数量为 3
可用ip的数量为 3
可用ip的数量为 3
可用ip的数量为 3
可用ip的数量为 3
可用ip的数量为 3
可用ip的数量为 3
可用ip的数量为 3
可用ip的数量为 3
可用ip的数量为 3
可用ip的数量为 3
可用ip的数量为 3
可用ip的数量为 3
可用ip的数量为 3
可用ip的数量为 3
可用ip的数量为 3
可用ip的数量为 3
可用ip的数量为 3
可用ip的数量为 3
可用ip的数量为 3
可用ip的数量为 3
可用ip的数量为 3
可用ip的数量为 3
可用ip的数量为 3
可用ip的数量为 3
可用ip的数量为 3
可用ip的数量为 3
可用ip的数量为 3
可用ip的数量为 3
可用ip的数量为 3
可用ip的数量为 3
可用ip的数量为 3
可用ip的数量为 3
可用ip的数量为 3
可用ip的数量为 3
可用ip的数量为 3
可用ip的数量为 3
可用ip的数量为 3
可用ip的数量为 3
可用ip的数量为 3
可用ip的数量为 3
可用ip的数量为 3
可用ip的数量为 3
可用ip的数量为 3
可用ip的数量为 3
可用ip的数量为 3
可用ip的数量为 3
可用ip的数量为 3
可用ip的数量为 3
可用ip的数量为 3
可用ip的数量为 3
可用ip的数量为 3
可用ip的数量为 3
可用ip的数量为 3
可用ip的数量为 3
可用ip的数量为 3
可用ip的数量为 3
可用ip的数量为 3
可用ip的数量为 3
可用ip的数量为 3
可用ip的数量为 3
可用ip的数量为 3
可用ip的数量为 3
可用ip的数量为 3
可用ip的数量为 3
可用ip的数量为 3
可用ip的数量为 3
可用ip的数量为 3
可用ip的数量为 3
可用ip的数量为 3
可用ip的数量为 3
可用ip的数量为 3
可用ip的数量为 3
可用ip的数量为 3
可用ip的数量为 3
可用ip的数量为 3
可用ip的数量为 3
可用ip的数量为 3
可用ip的数量为 3
可用ip的数量为 3
可用ip的数量为 3
可用ip的数量为 3
可用ip的数量为 3
可用ip的数量为 3
可用ip的数量为 3
可用ip的数量为 3
可用ip的数量为 3
可用ip的数量为 3
可用ip的数量为 3
可用ip的数量为 3
可用ip的数量为 3
可用ip的数量为 3
可用ip的数量为 3
可用ip的数量为 3
可用ip的数量为 3
可用ip的数量为 3
可用ip的数量为 3
可用ip的数量为 3
可用ip的数量为 3
可用ip的数量为 3
可用ip的数量为 3
可用ip的数量为 3
可用ip的数量为 3
可用ip的数量为 3
可用ip的数量为 3
可用ip的数量为 3
可用ip的数量为 3
可用ip的数量为 3
可用ip的数量为 3
可用ip的数量为 3
可用ip的数量为 3
可用ip的数量为 3
可用ip的数量为 3
可用ip的数量为 3
可用ip的数量为 3
可用ip的数量为 3
可用ip的数量为 3
可用ip的数量为 3
可用ip的数量为 3
可用ip的数量为 3
可用ip的数量为 3
可用ip的数量为 3
可用ip的数量为 3
可用ip的数量为 3
可用ip的数量为 3
可用ip的数量为 3
可用ip的数量为 3
可用ip的数量为 3
可用ip的数量为 3
可用ip的数量为 3
可用ip的数量为 3
可用ip的数量为 3
可用ip的数量为 3
可用ip的数量为 3
可用ip的数量为 3
可用ip的数量为 3
可用ip的数量为 3
可用ip的数量为 3
可用ip的数量为 3
可用ip的数量为 3
可用ip的数量为 3
可用ip的数量为 3
可用ip的数量为 3
可用ip的数量为 3
可用ip的数量为 3
可用ip的数量为 3
可用ip的数量为 3
可用ip的数量为 3
可用ip的数量为 3
可用ip的数量为 3
可用ip的数量为 3
可用ip的数量为 3
可用ip的数量为 3
可用ip的数量为 3
可用ip的数量为 3
可用ip的数量为 3
可用ip的数量为 3
可用ip的数量为 3
可用ip的数量为 3
可用ip的数量为 3
可用ip的数量为 3
可用ip的数量为 3
可用ip的数量为 3
可用ip的数量为 3
可用ip的数量为 3
可用ip的数量为 3
可用ip的数量为 3
可用ip的数量为 3
可用ip的数量为 3
可用ip的数量为 3
可用ip的数量为 3
可用ip的数量为 3
可用ip的数量为 3
可用ip的数量为 3
可用ip的数量为 3
可用ip的数量为 3
可用ip的数量为 3
可用ip的数量为 3
可用ip的数量为 3
可用ip的数量为 3
可用ip的数量为 3
可用ip的数量为 3
可用ip的数量为 3
可用ip的数量为 3
可用ip的数量为 3
可用ip的数量为 3
可用ip的数量为 3
可用ip的数量为 3
可用ip的数量为 3
可用ip的数量为 3
可用ip的数量为 3
可用ip的数量为 3
可用ip的数量为 3
可用ip的数量为 3
可用ip的数量为 3
可用ip的数量为 3
可用ip的数量为 3
可用ip的数量为 3
可用ip的数量为 3
可用ip的数量为 3
可用ip的数量为 3
可用ip的数量为 3
可用ip的数量为 3
可用ip的数量为 3
可用ip的数量为 3
可用ip的数量为 3
可用ip的数量为 3
可用ip的数量为 3
可用ip的数量为 3
可用ip的数量为 3
可用ip的数量为 3
可用ip的数量为 3
可用ip的数量为 3
可用ip的数量为 3
可用ip的数量为 3
可用ip的数量为 3
可用ip的数量为 3
可用ip的数量为 3
可用ip的数量为 3
可用ip的数量为 3
可用ip的数量为 3
可用ip的数量为 3
可用ip的数量为 3
可用ip的数量为 3
可用ip的数量为 3
可用ip的数量为 3
可用ip的数量为 3
可用ip的数量为 3
可用ip的数量为 3
可用ip的数量为 3
可用ip的数量为 3
可用ip的数量为 3
可用ip的数量为 3
可用ip的数量为 3
可用ip的数量为 3
可用ip的数量为 3
可用ip的数量为 3
可用ip的数量为 3
可用ip的数量为 3
可用ip的数量为 3
可用ip的数量为 3
可用ip的数量为 3
可用ip的数量为 3
可用ip的数量为 3
可用ip的数量为 3
可用ip的数量为 3
可用ip的数量为 3
可用ip的数量为 3
可用ip的数量为 3
可用ip的数量为 3
可用ip的数量为 3
可用ip的数量为 3
可用ip的数量为 3
可用ip的数量为 3
可用ip的数量为 3
可用ip的数量为 3
可用ip的数量为 3
可用ip的数量为 3
可用ip的数量为 3
可用ip的数量为 3
可用ip的数量为 3
可用ip的数量为 3
可用ip的数量为 3
可用ip的数量为 3
可用ip的数量为 3
可用ip的数量为 3
可用ip的数量为 3
可用ip的数量为 3
可用ip的数量为 3
可用ip的数量为 3
可用ip的数量为 3
可用ip的数量为 3
可用ip的数量为 3
可用ip的数量为 3
可用ip的数量为 3
可用ip的数量为 3
可用ip的数量为 3
可用ip的数量为 3
可用ip的数量为 3
可用ip的数量为 3
可用ip的数量为 3
可用ip的数量为 3
可用ip的数量为 3
可用ip的数量为 3
可用ip的数量为 3
可用ip的数量为 3
可用ip的数量为 3
可用ip的数量为 3
可用ip的数量为 3
可用ip的数量为 3
可用ip的数量为 3
可用ip的数量为 3
可用ip的数量为 3
可用ip的数量为 3
可用ip的数量为 3
可用ip的数量为 3
可用ip的数量为 3
可用ip的数量为 3
可用ip的数量为 3
可用ip的数量为 3
可用ip的数量为 3
可用ip的数量为 3
可用ip的数量为 3
可用ip的数量为 3
可用ip的数量为 3
可用ip的数量为 3
可用ip的数量为 3
可用ip的数量为 3
可用ip的数量为 3
可用ip的数量为 3
可用ip的数量为 3
可用ip的数量为 3
可用ip的数量为 3
可用ip的数量为 3
可用ip的数量为 3
可用ip的数量为 3
可用ip的数量为 3
可用ip的数量为 3
可用ip的数量为 3
可用ip的数量为 3
可用ip的数量为 3
可用ip的数量为 3
可用ip的数量为 3
可用ip的数量为 3
可用ip的数量为 3
可用ip的数量为 3
可用ip的数量为 3
可用ip的数量为 3
可用ip的数量为 3
可用ip的数量为 3
可用ip的数量为 3
可用ip的数量为 3
可用ip的数量为 3
可用ip的数量为 3
可用ip的数量为 3
可用ip的数量为 3
可用ip的数量为 3
可用ip的数量为 3
可用ip的数量为 3
可用ip的数量为 3
可用ip的数量为 3
可用ip的数量为 3
可用ip的数量为 3
可用ip的数量为 3
可用ip的数量为 3
可用ip的数量为 3
可用ip的数量为 3
可用ip的数量为 3
可用ip的数量为 3
可用ip的数量为 3
可用ip的数量为 3
可用ip的数量为 3
可用ip的数量为 3
可用ip的数量为 3
可用ip的数量为 3
可用ip的数量为 3
可用ip的数量为 3
可用ip的数量为 3
可用ip的数量为 3
可用ip的数量为 3
可用ip的数量为 3
可用ip的数量为 3
可用ip的数量为 3
可用ip的数量为 3
可用ip的数量为 3
可用ip的数量为 3
可用ip的数量为 3
可用ip的数量为 3
可用ip的数量为 3
可用ip的数量为 3
可用ip的数量为 3
可用ip的数量为 3
可用ip的数量为 3
可用ip的数量为 3
可用ip的数量为 3
可用ip的数量为 3
可用ip的数量为 3
可用ip的数量为 3
可用ip的数量为 3
可用ip的数量为 3
可用ip的数量为 3
可用ip的数量为 3
可用ip的数量为 3
可用ip的数量为 3
可用ip的数量为 3
可用ip的数量为 3
可用ip的数量为 3
可用ip的数量为 3
可用ip的数量为 3
可用ip的数量为 3
可用ip的数量为 3
可用ip的数量为 3
可用ip的数量为 3
可用ip的数量为 3
可用ip的数量为 3
可用ip的数量为 3
可用ip的数量为 3
可用ip的数量为 3
可用ip的数量为 3
可用ip的数量为 3
可用ip的数量为 3
可用ip的数量为 3
可用ip的数量为 3
可用ip的数量为 3
可用ip的数量为 3
可用ip的数量为 3
可用ip的数量为 3
可用ip的数量为 3
可用ip的数量为 3
可用ip的数量为 3
可用ip的数量为 3
可用ip的数量为 3
可用ip的数量为 3
可用ip的数量为 3
可用ip的数量为 3
可用ip的数量为 3
可用ip的数量为 3
可用ip的数量为 3
可用ip的数量为 3
可用ip的数量为 3
可用ip的数量为 3
可用ip的数量为 3
可用ip的数量为 3
可用ip的数量为 3
可用ip的数量为 3
可用ip的数量为 3
可用ip的数量为 3
可用ip的数量为 3
可用ip的数量为 3
可用ip的数量为 3
可用ip的数量为 3
可用ip的数量为 3
可用ip的数量为 3
可用ip的数量为 3
可用ip的数量为 3
可用ip的数量为 3
可用ip的数量为 3
可用ip的数量为 3
可用ip的数量为 3
可用ip的数量为 3
可用ip的数量为 3
可用ip的数量为 3
可用ip的数量为 3
可用ip的数量为 3
可用ip的数量为 3
可用ip的数量为 3
可用ip的数量为 3
可用ip的数量为 3
可用ip的数量为 3
可用ip的数量为 3
可用ip的数量为 3
可用ip的数量为 3
可用ip的数量为 3
可用ip的数量为 3
可用ip的数量为 3
可用ip的数量为 3
可用ip的数量为 3
可用ip的数量为 3
可用ip的数量为 3
可用ip的数量为 3
可用ip的数量为 3
可用ip的数量为 3
可用ip的数量为 3
可用ip的数量为 3
可用ip的数量为 3
可用ip的数量为 3
可用ip的数量为 3
可用ip的数量为 3
可用ip的数量为 3
可用ip的数量为 3
可用ip的数量为 3
可用ip的数量为 3
可用ip的数量为 3
可用ip的数量为 3
可用ip的数量为 3
可用ip的数量为 3
可用ip的数量为 3
可用ip的数量为 3
可用ip的数量为 3
可用ip的数量为 3
可用ip的数量为 3
可用ip的数量为 3
可用ip的数量为 3
可用ip的数量为 3
可用ip的数量为 3
可用ip的数量为 3
可用ip的数量为 3
可用ip的数量为 3
可用ip的数量为 3
可用ip的数量为 3
可用ip的数量为 3
可用ip的数量为 3
可用ip的数量为 3
可用ip的数量为 3
可用ip的数量为 3
可用ip的数量为 3
可用ip的数量为 3
可用ip的数量为 3
可用ip的数量为 3
可用ip的数量为 3
可用ip的数量为 3
可用ip的数量为 3
可用ip的数量为 3
可用ip的数量为 3
可用ip的数量为 3
可用ip的数量为 3
可用ip的数量为 3
可用ip的数量为 3
可用ip的数量为 3
可用ip的数量为 3
可用ip的数量为 3
可用ip的数量为 3
可用ip的数量为 3
可用ip的数量为 3
可用ip的数量为 3
可用ip的数量为 3
可用ip的数量为 3
可用ip的数量为 3
可用ip的数量为 3
可用ip的数量为 3
可用ip的数量为 3
可用ip的数量为 3
可用ip的数量为 3
可用ip的数量为 3
可用ip的数量为 3
可用ip的数量为 3
可用ip的数量为 3
可用ip的数量为 3
可用ip的数量为 3
可用ip的数量为 3
可用ip的数量为 3
可用ip的数量为 3
可用ip的数量为 3
可用ip的数量为 3
可用ip的数量为 3
可用ip的数量为 3
可用ip的数量为 3
可用ip的数量为 3
可用ip的数量为 3
可用ip的数量为 3
可用ip的数量为 3
可用ip的数量为 3
可用ip的数量为 3
可用ip的数量为 3
可用ip的数量为 3
可用ip的数量为 3
可用ip的数量为 3
可用ip的数量为 3
可用ip的数量为 3
可用ip的数量为 3
可用ip的数量为 3
可用ip的数量为 3
可用ip的数量为 3
可用ip的数量为 3
可用ip的数量为 3
可用ip的数量为 3
可用ip的数量为 3
可用ip的数量为 3
可用ip的数量为 3
可用ip的数量为 3
可用ip的数量为 3
可用ip的数量为 3
可用ip的数量为 3
可用ip的数量为 3
可用ip的数量为 3
可用ip的数量为 3
可用ip的数量为 3
可用ip的数量为 3
可用ip的数量为 3
可用ip的数量为 3
可用ip的数量为 3
可用ip的数量为 3
可用ip的数量为 3
可用ip的数量为 3
可用ip的数量为 3
可用ip的数量为 3
可用ip的数量为 3
可用ip的数量为 3
可用ip的数量为 3
可用ip的数量为 3
可用ip的数量为 3
可用ip的数量为 3
可用ip的数量为 3
可用ip的数量为 3
可用ip的数量为 3
可用ip的数量为 3
可用ip的数量为 3
可用ip的数量为 3
可用ip的数量为 3
可用ip的数量为 3
可用ip的数量为 3
可用ip的数量为 3
可用ip的数量为 3
可用ip的数量为 3
可用ip的数量为 3
可用ip的数量为 3
可用ip的数量为 3
可用ip的数量为 3
可用ip的数量为 3
可用ip的数量为 3
可用ip的数量为 3
可用ip的数量为 3
可用ip的数量为 3
可用ip的数量为 3
可用ip的数量为 3
可用ip的数量为 3
可用ip的数量为 3
可用ip的数量为 3
可用ip的数量为 3
可用ip的数量为 3
可用ip的数量为 3
可用ip的数量为 3
可用ip的数量为 3
可用ip的数量为 3
可用ip的数量为 3
可用ip的数量为 3
可用ip的数量为 3
可用ip的数量为 3
可用ip的数量为 3
可用ip的数量为 3
可用ip的数量为 3
可用ip的数量为 3
可用ip的数量为 3
可用ip的数量为 3
可用ip的数量为 3
可用ip的数量为 3
可用ip的数量为 3
可用ip的数量为 3
可用ip的数量为 3
可用ip的数量为 3
可用ip的数量为 3
可用ip的数量为 3
可用ip的数量为 3
可用ip的数量为 3
可用ip的数量为 3
可用ip的数量为 3
可用ip的数量为 3
可用ip的数量为 3
可用ip的数量为 3
可用ip的数量为 3
可用ip的数量为 3
可用ip的数量为 3
可用ip的数量为 3
可用ip的数量为 3
可用ip的数量为 3
可用ip的数量为 3
可用ip的数量为 3
可用ip的数量为 3
可用ip的数量为 3
可用ip的数量为 3
可用ip的数量为 3
可用ip的数量为 3
可用ip的数量为 3
可用ip的数量为 3
可用ip的数量为 3
可用ip的数量为 3
可用ip的数量为 3
可用ip的数量为 3
可用ip的数量为 3
可用ip的数量为 3
可用ip的数量为 3
可用ip的数量为 3
可用ip的数量为 3
可用ip的数量为 3
可用ip的数量为 3
可用ip的数量为 3
可用ip的数量为 3
可用ip的数量为 3
可用ip的数量为 3
可用ip的数量为 3
可用ip的数量为 3
可用ip的数量为 3
可用ip的数量为 3
可用ip的数量为 3
可用ip的数量为 3
可用ip的数量为 3
可用ip的数量为 3
可用ip的数量为 3
可用ip的数量为 3
可用ip的数量为 3
可用ip的数量为 3
可用ip的数量为 3
可用ip的数量为 3
可用ip的数量为 3
可用ip的数量为 3
可用ip的数量为 3
可用ip的数量为 3
可用ip的数量为 3
可用ip的数量为 3
可用ip的数量为 3
可用ip的数量为 3
可用ip的数量为 3
可用ip的数量为 3
可用ip的数量为 3
可用ip的数量为 3
可用ip的数量为 3
可用ip的数量为 3
可用ip的数量为 3
可用ip的数量为 3
可用ip的数量为 3
可用ip的数量为 3
可用ip的数量为 3
可用ip的数量为 3
可用ip的数量为 3
可用ip的数量为 3
可用ip的数量为 3
可用ip的数量为 3
可用ip的数量为 3
可用ip的数量为 3
可用ip的数量为 3
可用ip的数量为 3
可用ip的数量为 3
可用ip的数量为 3
可用ip的数量为 3
可用ip的数量为 3
可用ip的数量为 3
可用ip的数量为 3
可用ip的数量为 3
可用ip的数量为 3
可用ip的数量为 3
可用ip的数量为 3
可用ip的数量为 3
可用ip的数量为 3
可用ip的数量为 3
可用ip的数量为 3
可用ip的数量为 3
可用ip的数量为 3
可用ip的数量为 3
可用ip的数量为 3
可用ip的数量为 3
可用ip的数量为 3
可用ip的数量为 3
可用ip的数量为 3
可用ip的数量为 3
可用ip的数量为 3
可用ip的数量为 3
可用ip的数量为 3
可用ip的数量为 3
可用ip的数量为 3
可用ip的数量为 3
可用ip的数量为 3
可用ip的数量为 3
可用ip的数量为 3
可用ip的数量为 3
可用ip的数量为 3
可用ip的数量为 3
可用ip的数量为 3
可用ip的数量为 3
可用ip的数量为 3
可用ip的数量为 3
可用ip的数量为 3
可用ip的数量为 3
可用ip的数量为 3
可用ip的数量为 3
可用ip的数量为 3
可用ip的数量为 3
可用ip的数量为 3
可用ip的数量为 3
可用ip的数量为 3
可用ip的数量为 3
可用ip的数量为 3
可用ip的数量为 3
可用ip的数量为 3
可用ip的数量为 3
可用ip的数量为 3
可用ip的数量为 3
可用ip的数量为 3
可用ip的数量为 3
可用ip的数量为 3
可用ip的数量为 3
可用ip的数量为 3
可用ip的数量为 3
可用ip的数量为 3
可用ip的数量为 3
可用ip的数量为 3
可用ip的数量为 3
可用ip的数量为 3
可用ip的数量为 3
可用ip的数量为 3
可用ip的数量为 3
可用ip的数量为 3
可用ip的数量为 3
可用ip的数量为 3
可用ip的数量为 3
可用ip的数量为 3
可用ip的数量为 3
可用ip的数量为 3
可用ip的数量为 3
可用ip的数量为 3
可用ip的数量为 3
可用ip的数量为 3
可用ip的数量为 3
可用ip的数量为 3
可用ip的数量为 3
可用ip的数量为 3
可用ip的数量为 3
可用ip的数量为 3
可用ip的数量为 3
可用ip的数量为 3
可用ip的数量为 3
可用ip的数量为 3
可用ip的数量为 3
可用ip的数量为 3
可用ip的数量为 3
可用ip的数量为 3
可用ip的数量为 3
可用ip的数量为 3
可用ip的数量为 3
可用ip的数量为 3
可用ip的数量为 3
可用ip的数量为 3
可用ip的数量为 3
可用ip的数量为 3
可用ip的数量为 3
可用ip的数量为 3
可用ip的数量为 3
可用ip的数量为 3
可用ip的数量为 3
可用ip的数量为 3
可用ip的数量为 3
可用ip的数量为 3
可用ip的数量为 3
可用ip的数量为 3
可用ip的数量为 3
可用ip的数量为 3
可用ip的数量为 3
可用ip的数量为 3
可用ip的数量为 3
可用ip的数量为 3
可用ip的数量为 3
可用ip的数量为 3
可用ip的数量为 3
可用ip的数量为 3
可用ip的数量为 3
可用ip的数量为 3
可用ip的数量为 3
可用ip的数量为 3
可用ip的数量为 3
可用ip的数量为 3
可用ip的数量为 3
可用ip的数量为 3
可用ip的数量为 3
可用ip的数量为 3
可用ip的数量为 3
可用ip的数量为 3
可用ip的数量为 3
可用ip的数量为 3
可用ip的数量为 3
可用ip的数量为 3
可用ip的数量为 3
可用ip的数量为 3
可用ip的数量为 3
可用ip的数量为 3
可用ip的数量为 3
可用ip的数量为 3
可用ip的数量为 3
可用ip的数量为 3
可用ip的数量为 3
可用ip的数量为 3
可用ip的数量为 3
可用ip的数量为 3
可用ip的数量为 3
可用ip的数量为 3
可用ip的数量为 3
可用ip的数量为 3
可用ip的数量为 3
可用ip的数量为 3
可用ip的数量为 3
可用ip的数量为 3
可用ip的数量为 3
可用ip的数量为 3
可用ip的数量为 3
可用ip的数量为 3
可用ip的数量为 3
可用ip的数量为 3
可用ip的数量为 3
可用ip的数量为 3
可用ip的数量为 3
可用ip的数量为 3
可用ip的数量为 3
可用ip的数量为 3
可用ip的数量为 3
可用ip的数量为 3
可用ip的数量为 3
可用ip的数量为 3
可用ip的数量为 3
可用ip的数量为 3
可用ip的数量为 3
可用ip的数量为 3
可用ip的数量为 3
可用ip的数量为 3
可用ip的数量为 3
可用ip的数量为 3
可用ip的数量为 3
可用ip的数量为 3
可用ip的数量为 3
可用ip的数量为 3
可用ip的数量为 3
可用ip的数量为 3
可用ip的数量为 3
可用ip的数量为 3
可用ip的数量为 3
可用ip的数量为 3
可用ip的数量为 3
可用ip的数量为 3
可用ip的数量为 3
可用ip的数量为 3
可用ip的数量为 3
可用ip的数量为 3
可用ip的数量为 3
可用ip的数量为 3
可用ip的数量为 3
可用ip的数量为 3
可用ip的数量为 3
可用ip的数量为 3
可用ip的数量为 3
可用ip的数量为 3
可用ip的数量为 3
可用ip的数量为 3
可用ip的数量为 3
可用ip的数量为 3
可用ip的数量为 3
可用ip的数量为 3
可用ip的数量为 3
可用ip的数量为 3
可用ip的数量为 3
可用ip的数量为 3
可用ip的数量为 3
可用ip的数量为 3
可用ip的数量为 3
可用ip的数量为 3
可用ip的数量为 3
可用ip的数量为 3
可用ip的数量为 3
可用ip的数量为 3
可用ip的数量为 3
可用ip的数量为 3
可用ip的数量为 3
可用ip的数量为 3
可用ip的数量为 3
可用ip的数量为 3
可用ip的数量为 3
可用ip的数量为 3
可用ip的数量为 3
可用ip的数量为 3
可用ip的数量为 3
可用ip的数量为 3
可用ip的数量为 3
可用ip的数量为 3
可用ip的数量为 3
可用ip的数量为 3
可用ip的数量为 3
可用ip的数量为 3
可用ip的数量为 3
可用ip的数量为 3
可用ip的数量为 3
可用ip的数量为 3
可用ip的数量为 3
可用ip的数量为 3
可用ip的数量为 3
可用ip的数量为 3
可用ip的数量为 3
可用ip的数量为 3
可用ip的数量为 3
可用ip的数量为 3
可用ip的数量为 3
可用ip的数量为 3
可用ip的数量为 3
可用ip的数量为 3
可用ip的数量为 3
可用ip的数量为 3
可用ip的数量为 3
可用ip的数量为 3
可用ip的数量为 3
可用ip的数量为 3
可用ip的数量为 3
可用ip的数量为 3
可用ip的数量为 3
可用ip的数量为 3
可用ip的数量为 3
可用ip的数量为 3
可用ip的数量为 3
可用ip的数量为 3
可用ip的数量为 3
可用ip的数量为 3
可用ip的数量为 3
可用ip的数量为 3
可用ip的数量为 3
可用ip的数量为 3
可用ip的数量为 3
可用ip的数量为 3
可用ip的数量为 3
可用ip的数量为 3
可用ip的数量为 3
可用ip的数量为 3
可用ip的数量为 3
可用ip的数量为 3
可用ip的数量为 3
可用ip的数量为 3
可用ip的数量为 3
可用ip的数量为 3
可用ip的数量为 3
可用ip的数量为 3
可用ip的数量为 3
可用ip的数量为 3
可用ip的数量为 3
可用ip的数量为 3
可用ip的数量为 3
可用ip的数量为 3
可用ip的数量为 3
可用ip的数量为 3
可用ip的数量为 3
可用ip的数量为 3
可用ip的数量为 3
可用ip的数量为 3
可用ip的数量为 3
可用ip的数量为 3
可用ip的数量为 3
可用ip的数量为 3
可用ip的数量为 3
可用ip的数量为 3
可用ip的数量为 3
可用ip的数量为 3
可用ip的数量为 3
可用ip的数量为 3
可用ip的数量为 3
可用ip的数量为 3
可用ip的数量为 3
可用ip的数量为 3
可用ip的数量为 3
可用ip的数量为 3
可用ip的数量为 3
可用ip的数量为 3
可用ip的数量为 3
可用ip的数量为 3
可用ip的数量为 3
可用ip的数量为 3
可用ip的数量为 3
可用ip的数量为 3
可用ip的数量为 3
可用ip的数量为 3
可用ip的数量为 3
可用ip的数量为 3
可用ip的数量为 3
可用ip的数量为 3
可用ip的数量为 3
可用ip的数量为 3
可用ip的数量为 3
可用ip的数量为 3
可用ip的数量为 3
可用ip的数量为 3
可用ip的数量为 3
可用ip的数量为 3
可用ip的数量为 3
可用ip的数量为 3
可用ip的数量为 3
可用ip的数量为 3
可用ip的数量为 3
可用ip的数量为 3
可用ip的数量为 3
可用ip的数量为 3
可用ip的数量为 3
可用ip的数量为 3
可用ip的数量为 3
可用ip的数量为 3
可用ip的数量为 3
可用ip的数量为 3
可用ip的数量为 3
可用ip的数量为 3
可用ip的数量为 3
可用ip的数量为 3
可用ip的数量为 3
可用ip的数量为 3
可用ip的数量为 3
可用ip的数量为 3
可用ip的数量为 3
可用ip的数量为 3
可用ip的数量为 3
可用ip的数量为 3
可用ip的数量为 3
可用ip的数量为 3
可用ip的数量为 3
可用ip的数量为 3
可用ip的数量为 3
可用ip的数量为 3
可用ip的数量为 3
可用ip的数量为 3
可用ip的数量为 3
可用ip的数量为 3
可用ip的数量为 3
可用ip的数量为 3
可用ip的数量为 3
可用ip的数量为 3
可用ip的数量为 3
可用ip的数量为 3
可用ip的数量为 3
可用ip的数量为 3
可用ip的数量为 3
可用ip的数量为 3
可用ip的数量为 3
可用ip的数量为 3
可用ip的数量为 3
可用ip的数量为 3
可用ip的数量为 3
可用ip的数量为 3
可用ip的数量为 3
可用ip的数量为 3
可用ip的数量为 3
可用ip的数量为 3
可用ip的数量为 3
可用ip的数量为 3
可用ip的数量为 3
可用ip的数量为 3
可用ip的数量为 3
可用ip的数量为 3
可用ip的数量为 3
可用ip的数量为 3
可用ip的数量为 3
可用ip的数量为 3
可用ip的数量为 3
可用ip的数量为 3
可用ip的数量为 3
可用ip的数量为 3
可用ip的数量为 3
可用ip的数量为 3
可用ip的数量为 3
可用ip的数量为 3
可用ip的数量为 3
可用ip的数量为 3
可用ip的数量为 3
可用ip的数量为 3
可用ip的数量为 3
可用ip的数量为 3
可用ip的数量为 3
可用ip的数量为 3
可用ip的数量为 3
可用ip的数量为 3
可用ip的数量为 3
可用ip的数量为 3
可用ip的数量为 3
可用ip的数量为 3
可用ip的数量为 3
可用ip的数量为 3
可用ip的数量为 3
可用ip的数量为 3
可用ip的数量为 3
可用ip的数量为 3
可用ip的数量为 3
可用ip的数量为 3
可用ip的数量为 3
可用ip的数量为 3
可用ip的数量为 3
可用ip的数量为 3
可用ip的数量为 3
可用ip的数量为 3
可用ip的数量为 3
可用ip的数量为 3
可用ip的数量为 3
可用ip的数量为 3
可用ip的数量为 3
可用ip的数量为 3
可用ip的数量为 3
可用ip的数量为 3
可用ip的数量为 3
可用ip的数量为 3
可用ip的数量为 3
可用ip的数量为 3
可用ip的数量为 3
可用ip的数量为 3
可用ip的数量为 3
可用ip的数量为 3
可用ip的数量为 3
可用ip的数量为 3
可用ip的数量为 3
可用ip的数量为 3
可用ip的数量为 3
可用ip的数量为 3
可用ip的数量为 3
可用ip的数量为 3
可用ip的数量为 3
可用ip的数量为 3
可用ip的数量为 3
可用ip的数量为 3
可用ip的数量为 3
可用ip的数量为 3
可用ip的数量为 3
可用ip的数量为 3
可用ip的数量为 3
可用ip的数量为 3
可用ip的数量为 3
可用ip的数量为 3
可用ip的数量为 3
可用ip的数量为 3
可用ip的数量为 3
可用ip的数量为 3
可用ip的数量为 3
可用ip的数量为 3
可用ip的数量为 3
可用ip的数量为 3
可用ip的数量为 3
可用ip的数量为 3
可用ip的数量为 3
可用ip的数量为 3
可用ip的数量为 3
可用ip的数量为 3
可用ip的数量为 3
可用ip的数量为 3
可用ip的数量为 3
可用ip的数量为 3
可用ip的数量为 3
可用ip的数量为 3
可用ip的数量为 3
可用ip的数量为 3
可用ip的数量为 3
可用ip的数量为 3
可用ip的数量为 3
可用ip的数量为 3
可用ip的数量为 3
可用ip的数量为 3
可用ip的数量为 3
可用ip的数量为 3
可用ip的数量为 3
可用ip的数量为 3
可用ip的数量为 3
可用ip的数量为 3
可用ip的数量为 3
可用ip的数量为 3
可用ip的数量为 3
可用ip的数量为 3
可用ip的数量为 3
可用ip的数量为 3
可用ip的数量为 3
可用ip的数量为 3
可用ip的数量为 3
可用ip的数量为 3
可用ip的数量为 3
可用ip的数量为 3
可用ip的数量为 3
可用ip的数量为 3
可用ip的数量为 3
可用ip的数量为 3
可用ip的数量为 3
可用ip的数量为 3
可用ip的数量为 3
可用ip的数量为 3
可用ip的数量为 3
可用ip的数量为 3
可用ip的数量为 3
可用ip的数量为 3
可用ip的数量为 3
可用ip的数量为 3
可用ip的数量为 3
可用ip的数量为 3
可用ip的数量为 3
可用ip的数量为 3
可用ip的数量为 3
可用ip的数量为 3
可用ip的数量为 3
可用ip的数量为 3
可用ip的数量为 3
可用ip的数量为 3
可用ip的数量为 3
可用ip的数量为 3
可用ip的数量为 3
可用ip的数量为 3
可用ip的数量为 3
可用ip的数量为 3
可用ip的数量为 3
可用ip的数量为 3
可用ip的数量为 3
可用ip的数量为 3
可用ip的数量为 3
可用ip的数量为 3
可用ip的数量为 3
可用ip的数量为 3
可用ip的数量为 3
可用ip的数量为 3
可用ip的数量为 3
可用ip的数量为 3
可用ip的数量为 3
可用ip的数量为 3
可用ip的数量为 3
可用ip的数量为 3
可用ip的数量为 3
可用ip的数量为 3
可用ip的数量为 3
可用ip的数量为 3
可用ip的数量为 3
可用ip的数量为 3
可用ip的数量为 3
可用ip的数量为 3
可用ip的数量为 3
可用ip的数量为 3
可用ip的数量为 3
可用ip的数量为 3
可用ip的数量为 3
可用ip的数量为 3
可用ip的数量为 3
可用ip的数量为 3
可用ip的数量为 3
可用ip的数量为 3
可用ip的数量为 3
可用ip的数量为 3
可用ip的数量为 3
可用ip的数量为 3
可用ip的数量为 3
可用ip的数量为 3
可用ip的数量为 3
可用ip的数量为 3
可用ip的数量为 3
可用ip的数量为 3
可用ip的数量为 3
可用ip的数量为 3
可用ip的数量为 3
可用ip的数量为 3
可用ip的数量为 3
可用ip的数量为 3
可用ip的数量为 3
可用ip的数量为 3
可用ip的数量为 3
可用ip的数量为 3
可用ip的数量为 3
可用ip的数量为 3
可用ip的数量为 3
可用ip的数量为 3
可用ip的数量为 3
可用ip的数量为 3
可用ip的数量为 3
可用ip的数量为 3
可用ip的数量为 3
可用ip的数量为 3
可用ip的数量为 3
可用ip的数量为 3
可用ip的数量为 3
可用ip的数量为 3
可用ip的数量为 3
可用ip的数量为 3
可用ip的数量为 3
可用ip的数量为 3
可用ip的数量为 3
可用ip的数量为 3
可用ip的数量为 3
可用ip的数量为 3
可用ip的数量为 3
可用ip的数量为 3
可用ip的数量为 3
可用ip的数量为 3
可用ip的数量为 3
可用ip的数量为 3
可用ip的数量为 3
可用ip的数量为 3
可用ip的数量为 3
可用ip的数量为 3
可用ip的数量为 3
可用ip的数量为 3
可用ip的数量为 3
可用ip的数量为 3
可用ip的数量为 3
可用ip的数量为 3
可用ip的数量为 3
可用ip的数量为 3
可用ip的数量为 3
可用ip的数量为 3
可用ip的数量为 3
可用ip的数量为 3
可用ip的数量为 3
可用ip的数量为 3
可用ip的数量为 3
可用ip的数量为 3
可用ip的数量为 3
可用ip的数量为 3
可用ip的数量为 3
可用ip的数量为 3
可用ip的数量为 3
可用ip的数量为 3
可用ip的数量为 3
可用ip的数量为 3
可用ip的数量为 3
可用ip的数量为 3
可用ip的数量为 3
可用ip的数量为 3
可用ip的数量为 3
可用ip的数量为 3
可用ip的数量为 3
可用ip的数量为 3
可用ip的数量为 3
可用ip的数量为 3
可用ip的数量为 3
可用ip的数量为 3
可用ip的数量为 3
可用ip的数量为 3
可用ip的数量为 3
可用ip的数量为 3
可用ip的数量为 3
可用ip的数量为 3
可用ip的数量为 3
可用ip的数量为 3
可用ip的数量为 3
可用ip的数量为 3
可用ip的数量为 3
可用ip的数量为 3
可用ip的数量为 3
可用ip的数量为 3
可用ip的数量为 3
可用ip的数量为 3
可用ip的数量为 3
可用ip的数量为 3
可用ip的数量为 3
可用ip的数量为 3
可用ip的数量为 3
可用ip的数量为 3
可用ip的数量为 3
可用ip的数量为 3
可用ip的数量为 3
可用ip的数量为 3
可用ip的数量为 3
可用ip的数量为 3
可用ip的数量为 3
可用ip的数量为 3
可用ip的数量为 3
可用ip的数量为 3
可用ip的数量为 3
可用ip的数量为 3
可用ip的数量为 3
可用ip的数量为 3
可用ip的数量为 3
可用ip的数量为 3
可用ip的数量为 3
可用ip的数量为 3
可用ip的数量为 3
可用ip的数量为 3
可用ip的数量为 3
可用ip的数量为 3
可用ip的数量为 3
可用ip的数量为 3
可用ip的数量为 3
可用ip的数量为 3
可用ip的数量为 3
可用ip的数量为 3
可用ip的数量为 3
可用ip的数量为 3
可用ip的数量为 3
可用ip的数量为 3
可用ip的数量为 3
可用ip的数量为 3
可用ip的数量为 3
可用ip的数量为 3
可用ip的数量为 3
可用ip的数量为 3
可用ip的数量为 3
可用ip的数量为 3
可用ip的数量为 3
可用ip的数量为 3
可用ip的数量为 3
可用ip的数量为 3
可用ip的数量为 3
可用ip的数量为 3
可用ip的数量为 3
可用ip的数量为 3
可用ip的数量为 3
可用ip的数量为 3
可用ip的数量为 3
可用ip的数量为 3
可用ip的数量为 3
可用ip的数量为 3
可用ip的数量为 3
可用ip的数量为 3
可用ip的数量为 3
可用ip的数量为 3
可用ip的数量为 3
可用ip的数量为 3
可用ip的数量为 3
可用ip的数量为 3
可用ip的数量为 3
可用ip的数量为 3
可用ip的数量为 3
可用ip的数量为 3
可用ip的数量为 3
可用ip的数量为 3
可用ip的数量为 3
可用ip的数量为 3
可用ip的数量为 3
可用ip的数量为 3
可用ip的数量为 3
可用ip的数量为 3
可用ip的数量为 3
可用ip的数量为 3
可用ip的数量为 3
可用ip的数量为 3
可用ip的数量为 3
可用ip的数量为 3
可用ip的数量为 3
可用ip的数量为 3
可用ip的数量为 3
可用ip的数量为 3
可用ip的数量为 3
可用ip的数量为 3
可用ip的数量为 3
可用ip的数量为 3
可用ip的数量为 3
可用ip的数量为 3
可用ip的数量为 3
可用ip的数量为 3
可用ip的数量为 3
可用ip的数量为 3
可用ip的数量为 3
可用ip的数量为 3
可用ip的数量为 3
可用ip的数量为 3
可用ip的数量为 3
可用ip的数量为 3
可用ip的数量为 3
可用ip的数量为 3
可用ip的数量为 3
可用ip的数量为 3
可用ip的数量为 3
可用ip的数量为 3
可用ip的数量为 3
可用ip的数量为 3
可用ip的数量为 3
可用ip的数量为 3
可用ip的数量为 3
可用ip的数量为 3
可用ip的数量为 3
可用ip的数量为 3
可用ip的数量为 3
可用ip的数量为 3
可用ip的数量为 3
可用ip的数量为 3
可用ip的数量为 3
可用ip的数量为 3
可用ip的数量为 3
可用ip的数量为 3
可用ip的数量为 3
可用ip的数量为 3
可用ip的数量为 3
可用ip的数量为 3
可用ip的数量为 3
可用ip的数量为 3
可用ip的数量为 3
可用ip的数量为 3
可用ip的数量为 3
可用ip的数量为 3
可用ip的数量为 3
可用ip的数量为 3
可用ip的数量为 3
可用ip的数量为 3
可用ip的数量为 3
可用ip的数量为 3
可用ip的数量为 3
可用ip的数量为 3
可用ip的数量为 3
可用ip的数量为 3
可用ip的数量为 3
可用ip的数量为 3
可用ip的数量为 3
可用ip的数量为 3
可用ip的数量为 3
可用ip的数量为 3
可用ip的数量为 3
可用ip的数量为 3
可用ip的数量为 3
可用ip的数量为 3
可用ip的数量为 3
可用ip的数量为 3
可用ip的数量为 3
可用ip的数量为 3
可用ip的数量为 3
可用ip的数量为 3
可用ip的数量为 3
可用ip的数量为 3
可用ip的数量为 3
可用ip的数量为 3
可用ip的数量为 3
可用ip的数量为 3
可用ip的数量为 3
可用ip的数量为 3
可用ip的数量为 3
可用ip的数量为 3
可用ip的数量为 3
可用ip的数量为 3
可用ip的数量为 3
可用ip的数量为 3
可用ip的数量为 3
可用ip的数量为 3
可用ip的数量为 3
可用ip的数量为 3
可用ip的数量为 3
可用ip的数量为 3
可用ip的数量为 3
可用ip的数量为 3
可用ip的数量为 3
可用ip的数量为 3
可用ip的数量为 3
可用ip的数量为 3
可用ip的数量为 3
可用ip的数量为 3
可用ip的数量为 3
可用ip的数量为 3
可用ip的数量为 3
可用ip的数量为 3
可用ip的数量为 3
可用ip的数量为 3
可用ip的数量为 3
可用ip的数量为 3
可用ip的数量为 3
可用ip的数量为 3
可用ip的数量为 3
可用ip的数量为 3
可用ip的数量为 3
可用ip的数量为 3
可用ip的数量为 3
可用ip的数量为 3
可用ip的数量为 3
可用ip的数量为 3
可用ip的数量为 3
可用ip的数量为 3
可用ip的数量为 3
可用ip的数量为 3
可用ip的数量为 3
可用ip的数量为 3
可用ip的数量为 3
可用ip的数量为 3
可用ip的数量为 3
可用ip的数量为 3
可用ip的数量为 3
可用ip的数量为 3
可用ip的数量为 3
可用ip的数量为 3
可用ip的数量为 3
可用ip的数量为 3
可用ip的数量为 3
可用ip的数量为 3
可用ip的数量为 3
可用ip的数量为 3
可用ip的数量为 3
可用ip的数量为 3
可用ip的数量为 3
可用ip的数量为 3
可用ip的数量为 3
可用ip的数量为 3
可用ip的数量为 3
可用ip的数量为 3
可用ip的数量为 3
可用ip的数量为 3
可用ip的数量为 3
可用ip的数量为 3
可用ip的数量为 3
可用ip的数量为 3
可用ip的数量为 3
可用ip的数量为 3
可用ip的数量为 3
可用ip的数量为 3
可用ip的数量为 3
可用ip的数量为 3
可用ip的数量为 3
可用ip的数量为 3
可用ip的数量为 3
可用ip的数量为 3
可用ip的数量为 3
可用ip的数量为 3
可用ip的数量为 3
可用ip的数量为 3
可用ip的数量为 3
可用ip的数量为 3
可用ip的数量为 3
可用ip的数量为 3
可用ip的数量为 3
可用ip的数量为 3
可用ip的数量为 3
可用ip的数量为 3
可用ip的数量为 3
可用ip的数量为 3
可用ip的数量为 3
可用ip的数量为 3
可用ip的数量为 3
可用ip的数量为 3
可用ip的数量为 3
可用ip的数量为 3
可用ip的数量为 3
可用ip的数量为 3
可用ip的数量为 3
可用ip的数量为 3
可用ip的数量为 3
可用ip的数量为 3
可用ip的数量为 3
可用ip的数量为 3
可用ip的数量为 3
可用ip的数量为 3
可用ip的数量为 3
可用ip的数量为 3
可用ip的数量为 3
可用ip的数量为 3
可用ip的数量为 3
可用ip的数量为 3
可用ip的数量为 3
可用ip的数量为 3
可用ip的数量为 3
可用ip的数量为 3
可用ip的数量为 3
可用ip的数量为 3
可用ip的数量为 3
可用ip的数量为 3
可用ip的数量为 3
可用ip的数量为 3
可用ip的数量为 3
可用ip的数量为 3
可用ip的数量为 3
可用ip的数量为 3
可用ip的数量为 3
可用ip的数量为 3
可用ip的数量为 3
可用ip的数量为 3
可用ip的数量为 3
可用ip的数量为 3
可用ip的数量为 3
可用ip的数量为 3
可用ip的数量为 3
可用ip的数量为 3
可用ip的数量为 3
可用ip的数量为 3
可用ip的数量为 3
可用ip的数量为 3
可用ip的数量为 3
可用ip的数量为 3
可用ip的数量为 3
可用ip的数量为 3
可用ip的数量为 3
可用ip的数量为 3
可用ip的数量为 3
可用ip的数量为 3
可用ip的数量为 3
可用ip的数量为 3
可用ip的数量为 3
可用ip的数量为 3
可用ip的数量为 3
可用ip的数量为 3
可用ip的数量为 3
可用ip的数量为 3
可用ip的数量为 3
可用ip的数量为 3
可用ip的数量为 3
可用ip的数量为 3
可用ip的数量为 3
可用ip的数量为 3
可用ip的数量为 3
可用ip的数量为 3
可用ip的数量为 3
可用ip的数量为 3
可用ip的数量为 3
可用ip的数量为 3
可用ip的数量为 3
可用ip的数量为 3
可用ip的数量为 3
可用ip的数量为 3
可用ip的数量为 3
可用ip的数量为 3
可用ip的数量为 3
可用ip的数量为 3
可用ip的数量为 3
可用ip的数量为 3
可用ip的数量为 3
可用ip的数量为 3
可用ip的数量为 3
可用ip的数量为 3
可用ip的数量为 3
可用ip的数量为 3
可用ip的数量为 3
可用ip的数量为 3
可用ip的数量为 3
可用ip的数量为 3
可用ip的数量为 3
可用ip的数量为 3
可用ip的数量为 3
可用ip的数量为 3
可用ip的数量为 3
可用ip的数量为 3
可用ip的数量为 3
可用ip的数量为 3
可用ip的数量为 3
可用ip的数量为 3
可用ip的数量为 3
可用ip的数量为 3
可用ip的数量为 3
可用ip的数量为 3
可用ip的数量为 3
可用ip的数量为 3
可用ip的数量为 3
可用ip的数量为 3
可用ip的数量为 3
可用ip的数量为 3
可用ip的数量为 3
可用ip的数量为 3
可用ip的数量为 3
可用ip的数量为 3
可用ip的数量为 3
可用ip的数量为 3
可用ip的数量为 3
可用ip的数量为 3
可用ip的数量为 3
可用ip的数量为 3
可用ip的数量为 3
可用ip的数量为 3
可用ip的数量为 3
可用ip的数量为 3
可用ip的数量为 3
可用ip的数量为 3
可用ip的数量为 3
可用ip的数量为 3
可用ip的数量为 3
可用ip的数量为 3
可用ip的数量为 3
可用ip的数量为 3
可用ip的数量为 3
可用ip的数量为 3
可用ip的数量为 3
可用ip的数量为 3
可用ip的数量为 3
可用ip的数量为 3
可用ip的数量为 3
可用ip的数量为 3
可用ip的数量为 3
可用ip的数量为 3
可用ip的数量为 3
可用ip的数量为 3
可用ip的数量为 3
可用ip的数量为 3
可用ip的数量为 3
可用ip的数量为 3
可用ip的数量为 3
可用ip的数量为 3
可用ip的数量为 3
可用ip的数量为 3
可用ip的数量为 3
可用ip的数量为 3
可用ip的数量为 3
可用ip的数量为 3
可用ip的数量为 3
可用ip的数量为 3
可用ip的数量为 3
可用ip的数量为 3
可用ip的数量为 3
可用ip的数量为 3
可用ip的数量为 3
可用ip的数量为 3
可用ip的数量为 3
可用ip的数量为 3
可用ip的数量为 3
可用ip的数量为 3
可用ip的数量为 3
可用ip的数量为 3
可用ip的数量为 3
可用ip的数量为 3
可用ip的数量为 3
可用ip的数量为 3
可用ip的数量为 3
可用ip的数量为 3
可用ip的数量为 3
可用ip的数量为 3
可用ip的数量为 3
可用ip的数量为 3
可用ip的数量为 3
可用ip的数量为 3
可用ip的数量为 3
可用ip的数量为 3
可用ip的数量为 3
可用ip的数量为 3
可用ip的数量为 3
可用ip的数量为 3
可用ip的数量为 3
可用ip的数量为 3
可用ip的数量为 3
可用ip的数量为 3
可用ip的数量为 3
可用ip的数量为 3
可用ip的数量为 3
可用ip的数量为 3
可用ip的数量为 3
可用ip的数量为 3
可用ip的数量为 3
可用ip的数量为 3
可用ip的数量为 3
可用ip的数量为 3
可用ip的数量为 3
可用ip的数量为 3
可用ip的数量为 3
可用ip的数量为 3
可用ip的数量为 3
可用ip的数量为 3
可用ip的数量为 3
可用ip的数量为 3
可用ip的数量为 3
可用ip的数量为 3
可用ip的数量为 3
可用ip的数量为 3
可用ip的数量为 3
可用ip的数量为 3
可用ip的数量为 3
可用ip的数量为 3
可用ip的数量为 3
可用ip的数量为 3
可用ip的数量为 3
可用ip的数量为 3
可用ip的数量为 3
可用ip的数量为 3
可用ip的数量为 3
可用ip的数量为 3
可用ip的数量为 3
可用ip的数量为 3
可用ip的数量为 3
可用ip的数量为 3
可用ip的数量为 3
可用ip的数量为 3
可用ip的数量为 3
可用ip的数量为 3
可用ip的数量为 3
可用ip的数量为 3
可用ip的数量为 3
可用ip的数量为 3
可用ip的数量为 3
可用ip的数量为 3
可用ip的数量为 3
可用ip的数量为 3
可用ip的数量为 3
可用ip的数量为 3
可用ip的数量为 3
可用ip的数量为 3
可用ip的数量为 3
可用ip的数量为 3
可用ip的数量为 3
可用ip的数量为 3
可用ip的数量为 3
可用ip的数量为 3
可用ip的数量为 3
可用ip的数量为 3
可用ip的数量为 3
可用ip的数量为 3
可用ip的数量为 3
可用ip的数量为 3
可用ip的数量为 3
可用ip的数量为 3
可用ip的数量为 3
可用ip的数量为 3
可用ip的数量为 3
可用ip的数量为 3
可用ip的数量为 3
可用ip的数量为 3
可用ip的数量为 3
可用ip的数量为 3
可用ip的数量为 3
可用ip的数量为 3
可用ip的数量为 3
可用ip的数量为 3
可用ip的数量为 3
可用ip的数量为 3
可用ip的数量为 3
可用ip的数量为 3
可用ip的数量为 3
可用ip的数量为 3
可用ip的数量为 3
可用ip的数量为 3
可用ip的数量为 3
可用ip的数量为 3
可用ip的数量为 3
可用ip的数量为 3
可用ip的数量为 3
可用ip的数量为 3
可用ip的数量为 3
可用ip的数量为 3
可用ip的数量为 3
可用ip的数量为 3
可用ip的数量为 3
可用ip的数量为 3
可用ip的数量为 3
可用ip的数量为 3
可用ip的数量为 3
可用ip的数量为 3
可用ip的数量为 3
可用ip的数量为 3
可用ip的数量为 3
可用ip的数量为 3
可用ip的数量为 3
可用ip的数量为 3
可用ip的数量为 3
可用ip的数量为 3
可用ip的数量为 3
可用ip的数量为 3
可用ip的数量为 3
可用ip的数量为 3
可用ip的数量为 3
可用ip的数量为 3
可用ip的数量为 3
可用ip的数量为 3
可用ip的数量为 3
可用ip的数量为 3
可用ip的数量为 3
可用ip的数量为 3
